Using pre-set license
Built from '2020.2/staging' branch; Version is '2020.2.0b8 (dff91d65251a) revision 14678301'; Using compiler version '192528614'; Build Type 'Release'
OS: 'Windows 10  (10.0.0) 64bit' Language: 'en' Physical Memory: 16312 MB
BatchMode: 1, IsHumanControllingUs: 0, StartBugReporterOnCrash: 0, Is64bit: 1, IsPro: 0

 COMMAND LINE ARGUMENTS:
D:\Games\Unity\Installs\2020.2.0b8\Editor\Unity.exe
-adb2
-batchMode
-noUpm
-name
AssetImportWorker0
-projectPath
D:/Games/Unity/Games/Nonogram/Unity-Nonogram
-logFile
Logs/AssetImportWorker0.log
-srvPort
52978
Successfully changed project path to: D:/Games/Unity/Games/Nonogram/Unity-Nonogram
D:/Games/Unity/Games/Nonogram/Unity-Nonogram
Using Asset Import Pipeline V2.
Refreshing native plugins compatible for Editor in 28.03 ms, found 1 plugins.
Preloading 0 native plugins for Editor in 0.00 ms.
Initialize engine version: 2020.2.0b8 (dff91d65251a)
[Subsystems] Discovering subsystems at path D:/Games/Unity/Installs/2020.2.0b8/Editor/Data/Resources/UnitySubsystems
[Subsystems] Discovering subsystems at path D:/Games/Unity/Games/Nonogram/Unity-Nonogram/Assets
GfxDevice: creating device client; threaded=0
Direct3D:
    Version:  Direct3D 11.0 [level 11.1]
    Renderer: NVIDIA GeForce RTX 2070 SUPER (ID=0x1e84)
    Vendor:   
    VRAM:     8011 MB
    Driver:   27.21.14.5671
Initialize mono
Mono path[0] = 'D:/Games/Unity/Installs/2020.2.0b8/Editor/Data/Managed'
Mono path[1] = 'D:/Games/Unity/Installs/2020.2.0b8/Editor/Data/MonoBleedingEdge/lib/mono/unityjit'
Mono config path = 'D:/Games/Unity/Installs/2020.2.0b8/Editor/Data/MonoBleedingEdge/etc'
Using monoOptions --debugger-agent=transport=dt_socket,embedding=1,server=y,suspend=n,address=127.0.0.1:56868
Begin MonoManager ReloadAssembly
Registering precompiled unity dll's ...
Register platform support module: D:/Games/Unity/Installs/2020.2.0b8/Editor/Data/PlaybackEngines/WebGLSupport/UnityEditor.WebGL.Extensions.dll
Register platform support module: D:/Games/Unity/Installs/2020.2.0b8/Editor/Data/PlaybackEngines/MacStandaloneSupport/UnityEditor.OSXStandalone.Extensions.dll
Register platform support module: D:/Games/Unity/Installs/2020.2.0b8/Editor/Data/PlaybackEngines/WindowsStandaloneSupport/UnityEditor.WindowsStandalone.Extensions.dll
Register platform support module: D:/Games/Unity/Installs/2020.2.0b8/Editor/Data/PlaybackEngines/LinuxStandaloneSupport/UnityEditor.LinuxStandalone.Extensions.dll
Registered in 0.001123 seconds.
Native extension for LinuxStandalone target not found
Native extension for WindowsStandalone target not found
Native extension for OSXStandalone target not found
Native extension for WebGL target not found
Refreshing native plugins compatible for Editor in 39.67 ms, found 1 plugins.
Preloading 0 native plugins for Editor in 0.00 ms.
Invoked RoslynAnalysisRunner static constructor.
RoslynAnalysisRunner will not be running.
RoslynAnalysisRunner has terminated.
Mono: successfully reloaded assembly
- Completed reload, in  1.159 seconds
Platform modules already initialized, skipping
Registering precompiled user dll's ...
Registered in 0.000570 seconds.
Begin MonoManager ReloadAssembly
Symbol file LoadedFromMemory doesn't match image D:\Games\Unity\Games\Nonogram\Unity-Nonogram\Library\PackageCache\com.unity.ext.nunit@1.0.0\net35\unity-custom\nunit.framework.dll
Native extension for LinuxStandalone target not found
Native extension for WindowsStandalone target not found
Native extension for OSXStandalone target not found
Native extension for WebGL target not found
Refreshing native plugins compatible for Editor in 30.30 ms, found 1 plugins.
Preloading 0 native plugins for Editor in 0.00 ms.
Invoked RoslynAnalysisRunner static constructor.
RoslynAnalysisRunner will not be running.
RoslynAnalysisRunner has terminated.
Mono: successfully reloaded assembly
- Completed reload, in  0.736 seconds
Platform modules already initialized, skipping
========================================================================
Worker process is ready to serve import requests
Launched and connected shader compiler UnityShaderCompiler.exe after 0.05 seconds
Refreshing native plugins compatible for Editor in 0.33 ms, found 1 plugins.
Preloading 0 native plugins for Editor in 0.00 ms.
Unloading 1782 Unused Serialized files (Serialized files now loaded: 0)
System memory in use before: 84.7 MB.
System memory in use after: 84.7 MB.

Unloading 24 unused Assets to reduce memory usage. Loaded Objects now: 2220.
Total: 2.090100 ms (FindLiveObjects: 0.408400 ms CreateObjectMapping: 0.074600 ms MarkObjects: 1.510500 ms  DeleteObjects: 0.095700 ms)

========================================================================
Received Import Request.
  path: Assets/Scripts/Board.cs
  artifactKey: Guid(dccbad3e2365ced4d9f5c70d6d06723d) Importer(815301076,1909f56bfc062723c751e8b465ee728b)
Start importing Assets/Scripts/Board.cs using Guid(dccbad3e2365ced4d9f5c70d6d06723d) Importer(815301076,1909f56bfc062723c751e8b465ee728b)  -> (artifact id: 'a1647c42054ad35a12130984229b6e8f') in 0.029988 seconds
  Import took 0.041350 seconds .

========================================================================
Received Import Request.
  Time since last request: 18.874005 seconds.
  path: Assets/Scripts/Board.cs
  artifactKey: Guid(dccbad3e2365ced4d9f5c70d6d06723d) Importer(815301076,1909f56bfc062723c751e8b465ee728b)
Start importing Assets/Scripts/Board.cs using Guid(dccbad3e2365ced4d9f5c70d6d06723d) Importer(815301076,1909f56bfc062723c751e8b465ee728b)  -> (artifact id: 'eef535b7cb30b80658c1c8d2c863d464') in 0.001638 seconds
  Import took 0.011145 seconds .

========================================================================
Received Prepare
Reloading mono domain
Begin MonoManager ReloadAssembly
Registering precompiled unity dll's ...
Register platform support module: D:/Games/Unity/Installs/2020.2.0b8/Editor/Data/PlaybackEngines/WebGLSupport/UnityEditor.WebGL.Extensions.dll
Register platform support module: D:/Games/Unity/Installs/2020.2.0b8/Editor/Data/PlaybackEngines/MacStandaloneSupport/UnityEditor.OSXStandalone.Extensions.dll
Register platform support module: D:/Games/Unity/Installs/2020.2.0b8/Editor/Data/PlaybackEngines/WindowsStandaloneSupport/UnityEditor.WindowsStandalone.Extensions.dll
Register platform support module: D:/Games/Unity/Installs/2020.2.0b8/Editor/Data/PlaybackEngines/LinuxStandaloneSupport/UnityEditor.LinuxStandalone.Extensions.dll
Registered in 0.001015 seconds.
Symbol file LoadedFromMemory doesn't match image D:\Games\Unity\Games\Nonogram\Unity-Nonogram\Library\PackageCache\com.unity.ext.nunit@1.0.0\net35\unity-custom\nunit.framework.dll
Native extension for LinuxStandalone target not found
Native extension for WindowsStandalone target not found
Native extension for OSXStandalone target not found
Native extension for WebGL target not found
Refreshing native plugins compatible for Editor in 28.13 ms, found 1 plugins.
Preloading 0 native plugins for Editor in 0.00 ms.
Invoked RoslynAnalysisRunner static constructor.
RoslynAnalysisRunner will not be running.
RoslynAnalysisRunner has terminated.
Mono: successfully reloaded assembly
- Completed reload, in  0.689 seconds
Platform modules already initialized, skipping
Registering precompiled user dll's ...
Registered in 0.000587 seconds.
Begin MonoManager ReloadAssembly
Symbol file LoadedFromMemory doesn't match image D:\Games\Unity\Games\Nonogram\Unity-Nonogram\Library\PackageCache\com.unity.ext.nunit@1.0.0\net35\unity-custom\nunit.framework.dll
Native extension for LinuxStandalone target not found
Native extension for WindowsStandalone target not found
Native extension for OSXStandalone target not found
Native extension for WebGL target not found
Refreshing native plugins compatible for Editor in 0.33 ms, found 1 plugins.
Preloading 0 native plugins for Editor in 0.00 ms.
Invoked RoslynAnalysisRunner static constructor.
RoslynAnalysisRunner will not be running.
RoslynAnalysisRunner has terminated.
Mono: successfully reloaded assembly
- Completed reload, in  0.644 seconds
Platform modules already initialized, skipping
Refreshing native plugins compatible for Editor in 0.47 ms, found 1 plugins.
Preloading 0 native plugins for Editor in 0.00 ms.
Unloading 13 Unused Serialized files (Serialized files now loaded: 0)
System memory in use before: 50.0 MB.
System memory in use after: 50.0 MB.

Unloading 12 unused Assets to reduce memory usage. Loaded Objects now: 2225.
Total: 1.841000 ms (FindLiveObjects: 0.341900 ms CreateObjectMapping: 0.044300 ms MarkObjects: 1.371300 ms  DeleteObjects: 0.082600 ms)

AssetImportWorkerClient::OnTransportError - code=2 error=End of file
